<?xml version="1.0" encoding="UTF-8"?>
<!-- Generated by org.testng.reporters.JUnitReportReporter -->
<testsuite hostname="Vaishanavi" failures="0" tests="1" name="com.ShoppersStack.testScripts.verify_user_is_able_to_add_address_or_not" time="31.402" errors="0" timestamp="2024-05-26T11:35:56 IST" skipped="0">
  <testcase classname="com.ShoppersStack.testScripts.verify_user_is_able_to_add_address_or_not" name="addAddress" time="31.402"/>
</testsuite> <!-- com.ShoppersStack.testScripts.verify_user_is_able_to_add_address_or_not -->
