<?xml version="1.0" encoding="UTF-8"?>
<!-- Generated by org.testng.reporters.JUnitReportReporter -->
<testsuite hostname="Vaishanavi" failures="0" tests="1" name="com.ShoppersStack.testScripts.verify_user_is_able_delete_address_or_not_Test" time="30.979" errors="0" timestamp="2024-05-28T16:41:40 IST" skipped="0">
  <testcase classname="com.ShoppersStack.testScripts.verify_user_is_able_delete_address_or_not_Test" name="deleteAddress" time="30.979"/>
</testsuite> <!-- com.ShoppersStack.testScripts.verify_user_is_able_delete_address_or_not_Test -->
