<?xml version="1.0" encoding="UTF-8"?>
<!-- Generated by org.testng.reporters.JUnitReportReporter -->
<testsuite hostname="Vaishanavi" failures="0" tests="1" name="com.ShoppersStack.testScripts.check_user_is__able_to_upadateAddress_Test" time="48.428" errors="0" timestamp="2024-05-28T16:43:10 IST" skipped="0">
  <testcase classname="com.ShoppersStack.testScripts.check_user_is__able_to_upadateAddress_Test" name="updateAddress" time="48.428"/>
</testsuite> <!-- com.ShoppersStack.testScripts.check_user_is__able_to_upadateAddress_Test -->
