<?xml version="1.0" encoding="UTF-8"?>
<!-- Generated by org.testng.reporters.JUnitReportReporter -->
<testsuite hostname="Vaishanavi" failures="0" tests="1" name="com.ShoppersStack.testScripts.verify_user_is_able_to_add_address_or_not_Test" time="38.654" errors="0" timestamp="2024-05-28T16:46:49 IST" skipped="0">
  <testcase classname="com.ShoppersStack.testScripts.verify_user_is_able_to_add_address_or_not_Test" name="addAddress" time="38.654"/>
</testsuite> <!-- com.ShoppersStack.testScripts.verify_user_is_able_to_add_address_or_not_Test -->
